{"level":"warn","message":"Utilisateur non trouvé avec l'email : lkm@kk.com","timestamp":"2024-12-18T13:48:45.124Z"}
{"level":"warn","message":"Utilisateur non trouvé avec l'email : khouloudbensalem789@gmail.com","timestamp":"2024-12-18T13:49:35.657Z"}
{"body":{"email":"khouloudbensalem789@gmail.com","password":"Khoumpo45mk!"},"level":"info","message":"Requête reçue :","method":"POST","timestamp":"2024-12-18T14:03:25.267Z"}
{"level":"warn","message":"Utilisateur non trouvé avec l'email : khouloudbensalem789@gmail.com","timestamp":"2024-12-18T14:03:25.275Z"}
{"body":{"email":"khouloudbensalem789@gmail.com","password":"Khoumpo45mk!"},"level":"info","message":"Requête reçue :","method":"POST","timestamp":"2024-12-18T14:03:46.336Z"}
{"level":"warn","message":"Utilisateur non trouvé avec l'email : khouloudbensalem789@gmail.com","timestamp":"2024-12-18T14:03:46.337Z"}
{"body":{"email":"khouloudben55555555@gmail.com","password":"Khoumpo45mk!"},"level":"info","message":"Requête reçue :","method":"POST","timestamp":"2024-12-18T14:04:02.041Z"}
{"level":"warn","message":"Utilisateur non trouvé avec l'email : khouloudben55555555@gmail.com","timestamp":"2024-12-18T14:04:02.042Z"}
{"body":{"email":"khouloudbensalem789@gmail.com","password":"Khouloud96!ml"},"level":"info","message":"Requête reçue :","method":"POST","timestamp":"2024-12-18T14:04:43.937Z"}
{"level":"warn","message":"Utilisateur non trouvé avec l'email : khouloudbensalem789@gmail.com","timestamp":"2024-12-18T14:04:43.944Z"}
{"body":{"email":"khouloud1111111111@gmail.com","password":"Khouloud96!ml"},"level":"info","message":"Requête reçue :","method":"POST","timestamp":"2024-12-18T14:04:56.069Z"}
{"level":"warn","message":"Utilisateur non trouvé avec l'email : khouloud1111111111@gmail.com","timestamp":"2024-12-18T14:04:56.072Z"}
{"body":{"email":"khouloudbensalem789@gmail.com","password":"Khouloud96!ko"},"level":"info","message":"Requête reçue :","method":"POST","timestamp":"2024-12-18T14:08:12.758Z"}
{"level":"warn","message":"Utilisateur non trouvé avec l'email : khouloudbensalem789@gmail.com","timestamp":"2024-12-18T14:08:12.759Z"}
{"body":{"email":"khouloudbensalem789@gmail.com","password":"Khouloud96!"},"level":"info","message":"Requête reçue :","method":"POST","timestamp":"2024-12-18T14:09:24.593Z"}
{"level":"warn","message":"Utilisateur non trouvé avec l'email : khouloudbensalem789@gmail.com","timestamp":"2024-12-18T14:09:24.596Z"}
{"body":{"birthDate":"1996-10-12","confirmPassword":"Khouloud96!","email":"khouloudbensalem789@gmail.com","firstName":"Khouloud","gender":"Mme","lastName":"Ben Salem","password":"Khouloud96!","phone":"+33758495122"},"level":"info","message":"Requête reçue :","method":"POST","timestamp":"2024-12-18T14:09:53.710Z"}
{"level":"info","message":"Vérification de l'utilisateur existant dans la base de données pour l'email :","timestamp":"2024-12-18T14:09:53.712Z"}
{"birthDate":"1996-10-12","email":"khouloudbensalem789@gmail.com","firstName":"Khouloud","gender":"Mme","lastName":"Ben Salem","level":"info","message":"Insertion de l'utilisateur dans la base de données avec les données :","phone":"+33758495122","timestamp":"2024-12-18T14:09:53.833Z"}
{"level":"info","message":"Utilisateur inséré avec succès, création de la session pour l'utilisateur :","timestamp":"2024-12-18T14:09:53.844Z"}
{"expiresAt":1734617393845,"level":"info","message":"Données envoyées au client : User registered successfully","timestamp":"2024-12-18T14:09:53.855Z"}
{"body":{"email":"khouloudbensalem789@gmail.com","password":"Khouloud96!kk"},"level":"info","message":"Requête reçue :","method":"POST","timestamp":"2024-12-18T14:10:32.509Z"}
{"level":"warn","message":"Utilisateur trouvé avec l'email : khouloudbensalem789@gmail.com","timestamp":"2024-12-18T14:10:32.510Z"}
{"level":"warn","message":"Mot de passe incorrect pour l'email : khouloudbensalem789@gmail.com","timestamp":"2024-12-18T14:10:32.607Z"}
{"body":{"email":"khouloudbensalem@gmail.com","password":"Khouloud96!"},"level":"info","message":"Requête reçue :","method":"POST","timestamp":"2024-12-18T14:11:24.730Z"}
{"level":"warn","message":"Utilisateur non trouvé avec l'email : khouloudbensalem@gmail.com","timestamp":"2024-12-18T14:11:24.736Z"}
{"body":{"email":"khouloudbensalem789@gmail.com","password":"Khouloud96!"},"level":"info","message":"Requête reçue :","method":"POST","timestamp":"2024-12-18T14:11:29.260Z"}
{"level":"warn","message":"Utilisateur trouvé avec l'email : khouloudbensalem789@gmail.com","timestamp":"2024-12-18T14:11:29.261Z"}
{"level":"info","message":"Connexion réussie pour l'utilisateur : khouloudbensalem789@gmail.com","timestamp":"2024-12-18T14:11:29.415Z"}
{"body":{"email":"khouloudbensalem789@gmail.com","password":"Khouloud96!"},"level":"info","message":"Requête reçue :","method":"POST","timestamp":"2024-12-18T14:58:06.573Z"}
{"level":"warn","message":"Utilisateur trouvé avec l'email : khouloudbensalem789@gmail.com","timestamp":"2024-12-18T14:58:06.576Z"}
{"level":"info","message":"Connexion réussie pour l'utilisateur : khouloudbensalem789@gmail.com","timestamp":"2024-12-18T14:58:06.667Z"}
{"body":{"email":"khouloudbensalem789@gmail.com","password":"Khouloud96!"},"level":"info","message":"Requête reçue :","method":"POST","timestamp":"2024-12-18T15:13:19.145Z"}
{"level":"warn","message":"Utilisateur trouvé avec l'email : khouloudbensalem789@gmail.com","timestamp":"2024-12-18T15:13:19.148Z"}
{"level":"info","message":"Connexion réussie pour l'utilisateur : khouloudbensalem789@gmail.com","timestamp":"2024-12-18T15:13:19.249Z"}
{"body":{"birthDate":"1990-01-01","confirmPassword":"Khouloud96!","email":"test@gmail.com","firstName":"test","gender":"Mr","lastName":"test","password":"Khouloud96!","phone":"0789654123"},"level":"info","message":"Requête reçue :","method":"POST","timestamp":"2024-12-18T15:14:23.747Z"}
{"level":"info","message":"Vérification de l'utilisateur existant dans la base de données pour l'email :","timestamp":"2024-12-18T15:14:23.748Z"}
{"birthDate":"1990-01-01","email":"test@gmail.com","firstName":"test","gender":"Mr","lastName":"test","level":"info","message":"Insertion de l'utilisateur dans la base de données avec les données :","phone":"0789654123","timestamp":"2024-12-18T15:14:23.830Z"}
{"level":"info","message":"Utilisateur inséré avec succès, création de la session pour l'utilisateur :","timestamp":"2024-12-18T15:14:23.848Z"}
{"expiresAt":1734621263849,"level":"info","message":"Données envoyées au client : User registered successfully","timestamp":"2024-12-18T15:14:23.861Z"}
{"body":{"email":"khouloudbensalem789@gmail.com","password":"Khouloud96!"},"level":"info","message":"Requête reçue :","method":"POST","timestamp":"2024-12-20T09:10:51.901Z"}
{"level":"warn","message":"Utilisateur trouvé avec l'email : khouloudbensalem789@gmail.com","timestamp":"2024-12-20T09:10:51.906Z"}
{"level":"info","message":"Connexion réussie pour l'utilisateur : khouloudbensalem789@gmail.com","timestamp":"2024-12-20T09:10:52.005Z"}
{"body":{"email":"khouloudbensalem789@gmail.com","password":"Khouloud96!"},"level":"info","message":"Requête reçue :","method":"POST","timestamp":"2024-12-20T09:13:16.651Z"}
{"level":"warn","message":"Utilisateur trouvé avec l'email : khouloudbensalem789@gmail.com","timestamp":"2024-12-20T09:13:16.658Z"}
{"level":"info","message":"Connexion réussie pour l'utilisateur : khouloudbensalem789@gmail.com","timestamp":"2024-12-20T09:13:16.756Z"}
{"body":{"email":"khouloudbensalem789@gmail.com","password":"Khouloud96!"},"level":"info","message":"Requête reçue :","method":"POST","timestamp":"2024-12-20T09:29:55.553Z"}
{"level":"warn","message":"Utilisateur trouvé avec l'email : khouloudbensalem789@gmail.com","timestamp":"2024-12-20T09:29:55.559Z"}
{"level":"info","message":"Connexion réussie pour l'utilisateur : khouloudbensalem789@gmail.com","timestamp":"2024-12-20T09:29:55.654Z"}
{"body":{"email":"khouloudbensalem789@gmail.com","password":"Khouloud96!"},"level":"info","message":"Requête reçue :","method":"POST","timestamp":"2024-12-20T09:44:27.390Z"}
{"level":"warn","message":"Utilisateur trouvé avec l'email : khouloudbensalem789@gmail.com","timestamp":"2024-12-20T09:44:27.396Z"}
{"level":"info","message":"Connexion réussie pour l'utilisateur : khouloudbensalem789@gmail.com","timestamp":"2024-12-20T09:44:27.487Z"}
{"body":{"birthDate":"2024-12-01","confirmPassword":"Khouloud96!","email":"khouloud@gmail.com","firstName":"Khouloud","gender":"Mme","lastName":"Ben Salem","password":"Khouloud96!","phone":"+33758495122"},"level":"info","message":"Requête reçue :","method":"POST","timestamp":"2024-12-20T09:51:12.493Z"}
{"level":"info","message":"Vérification de l'utilisateur existant dans la base de données pour l'email :","timestamp":"2024-12-20T09:51:12.497Z"}
{"birthDate":"2024-12-01","email":"khouloud@gmail.com","firstName":"Khouloud","gender":"Mme","lastName":"Ben Salem","level":"info","message":"Insertion de l'utilisateur dans la base de données avec les données :","phone":"+33758495122","timestamp":"2024-12-20T09:51:12.586Z"}
{"level":"info","message":"Utilisateur inséré avec succès, création de la session pour l'utilisateur :","timestamp":"2024-12-20T09:51:12.604Z"}
{"expiresAt":1734774672605,"level":"info","message":"Données envoyées au client : User registered successfully","timestamp":"2024-12-20T09:51:12.621Z"}
{"body":{"email":"khouloudbensalem789@gmail.com","password":"Khouloud96!"},"level":"info","message":"Requête reçue :","method":"POST","timestamp":"2024-12-20T10:02:03.128Z"}
{"level":"warn","message":"Utilisateur trouvé avec l'email : khouloudbensalem789@gmail.com","timestamp":"2024-12-20T10:02:03.133Z"}
{"level":"info","message":"Connexion réussie pour l'utilisateur : khouloudbensalem789@gmail.com","timestamp":"2024-12-20T10:02:03.248Z"}
{"body":{"email":"khouloudbensalem789@gmail.com","password":"Khouloud96!"},"level":"info","message":"Requête reçue :","method":"POST","timestamp":"2024-12-20T10:15:58.797Z"}
{"level":"warn","message":"Utilisateur trouvé avec l'email : khouloudbensalem789@gmail.com","timestamp":"2024-12-20T10:15:58.803Z"}
{"level":"info","message":"Connexion réussie pour l'utilisateur : khouloudbensalem789@gmail.com","timestamp":"2024-12-20T10:15:58.891Z"}
{"body":{"email":"khouloudbensalem789@gmail.com","password":"Khouloud96!"},"level":"info","message":"Requête reçue :","method":"POST","timestamp":"2024-12-20T10:17:03.637Z"}
{"level":"warn","message":"Utilisateur trouvé avec l'email : khouloudbensalem789@gmail.com","timestamp":"2024-12-20T10:17:03.638Z"}
{"level":"info","message":"Connexion réussie pour l'utilisateur : khouloudbensalem789@gmail.com","timestamp":"2024-12-20T10:17:03.733Z"}
{"body":{"birthDate":"2024-12-08","confirmPassword":"Khouloud96!","email":"khouloudbensalem@gmail.com","firstName":"Khouloud","gender":"Mme","lastName":"Ben Salem","password":"Khouloud96!","phone":"+33758495122"},"level":"info","message":"Requête reçue :","method":"POST","timestamp":"2024-12-20T10:17:54.450Z"}
{"level":"info","message":"Vérification de l'utilisateur existant dans la base de données pour l'email :","timestamp":"2024-12-20T10:17:54.454Z"}
{"birthDate":"2024-12-08","email":"khouloudbensalem@gmail.com","firstName":"Khouloud","gender":"Mme","lastName":"Ben Salem","level":"info","message":"Insertion de l'utilisateur dans la base de données avec les données :","phone":"+33758495122","timestamp":"2024-12-20T10:17:54.550Z"}
{"level":"info","message":"Utilisateur inséré avec succès, création de la session pour l'utilisateur :","timestamp":"2024-12-20T10:17:54.559Z"}
{"expiresAt":1734776274560,"level":"info","message":"Données envoyées au client : User registered successfully","timestamp":"2024-12-20T10:17:54.569Z"}
{"body":{"email":"test@gmail.com","password":"Khouloud96!"},"level":"info","message":"Requête reçue :","method":"POST","timestamp":"2024-12-20T10:27:12.568Z"}
{"level":"warn","message":"Utilisateur trouvé avec l'email : test@gmail.com","timestamp":"2024-12-20T10:27:12.573Z"}
{"level":"info","message":"Connexion réussie pour l'utilisateur : test@gmail.com","timestamp":"2024-12-20T10:27:12.657Z"}
{"body":{"email":"test@gmail.com","password":"Khouloud96!"},"level":"info","message":"Requête reçue :","method":"POST","timestamp":"2024-12-20T10:44:02.772Z"}
{"level":"warn","message":"Utilisateur trouvé avec l'email : test@gmail.com","timestamp":"2024-12-20T10:44:02.776Z"}
{"level":"info","message":"Connexion réussie pour l'utilisateur : test@gmail.com","timestamp":"2024-12-20T10:44:02.881Z"}
{"body":{"email":"khouloudbensalem789@gmail.com","password":"Khouloud96!"},"level":"info","message":"Requête reçue :","method":"POST","timestamp":"2024-12-20T13:33:02.039Z"}
{"level":"warn","message":"Utilisateur trouvé avec l'email : khouloudbensalem789@gmail.com","timestamp":"2024-12-20T13:33:02.043Z"}
{"level":"info","message":"Connexion réussie pour l'utilisateur : khouloudbensalem789@gmail.com","timestamp":"2024-12-20T13:33:02.136Z"}
{"body":{"email":"test@example.com","password":"Khouloud96!"},"level":"info","message":"Requête reçue :","method":"POST","timestamp":"2024-12-20T13:34:12.637Z"}
{"level":"warn","message":"Utilisateur non trouvé avec l'email : test@example.com","timestamp":"2024-12-20T13:34:12.638Z"}
{"body":{"email":"test@gmail.com","password":"Khouloud96!"},"level":"info","message":"Requête reçue :","method":"POST","timestamp":"2024-12-20T13:34:18.878Z"}
{"level":"warn","message":"Utilisateur trouvé avec l'email : test@gmail.com","timestamp":"2024-12-20T13:34:18.882Z"}
{"level":"info","message":"Connexion réussie pour l'utilisateur : test@gmail.com","timestamp":"2024-12-20T13:34:18.977Z"}
{"body":{"email":"test@gmail.com","password":"Khouloud96!"},"level":"info","message":"Requête reçue :","method":"POST","timestamp":"2024-12-20T13:39:20.121Z"}
{"level":"warn","message":"Utilisateur trouvé avec l'email : test@gmail.com","timestamp":"2024-12-20T13:39:20.125Z"}
{"level":"info","message":"Connexion réussie pour l'utilisateur : test@gmail.com","timestamp":"2024-12-20T13:39:20.215Z"}
{"body":{"email":"test@gmail.com","password":"Khouloud96!"},"level":"info","message":"Requête reçue :","method":"POST","timestamp":"2024-12-20T14:23:01.237Z"}
{"level":"warn","message":"Utilisateur trouvé avec l'email : test@gmail.com","timestamp":"2024-12-20T14:23:01.241Z"}
{"level":"info","message":"Connexion réussie pour l'utilisateur : test@gmail.com","timestamp":"2024-12-20T14:23:01.351Z"}
{"body":"","level":"info","message":"Requête reçue :","method":"POST","timestamp":"2024-12-20T14:24:17.662Z"}
{"level":"info","message":"Supprimer la session","timestamp":"2024-12-20T14:24:17.689Z"}
{"level":"info","message":"Supprimer le cookie côté client","timestamp":"2024-12-20T14:24:17.689Z"}
{"body":{"email":"test@gmail.com","password":"Khouloud96!"},"level":"info","message":"Requête reçue :","method":"POST","timestamp":"2024-12-20T14:29:14.859Z"}
{"level":"warn","message":"Utilisateur trouvé avec l'email : test@gmail.com","timestamp":"2024-12-20T14:29:14.862Z"}
{"level":"info","message":"Connexion réussie pour l'utilisateur : test@gmail.com","timestamp":"2024-12-20T14:29:14.977Z"}
{"body":"","level":"info","message":"Requête reçue :","method":"POST","timestamp":"2024-12-20T14:36:31.866Z"}
{"level":"info","message":"Supprimer la session","timestamp":"2024-12-20T14:36:31.879Z"}
{"level":"info","message":"Supprimer le cookie côté client","timestamp":"2024-12-20T14:36:31.880Z"}
{"body":{"email":"test@gmail.com","password":"Khouloud96!"},"level":"info","message":"Requête reçue :","method":"POST","timestamp":"2024-12-20T14:36:48.114Z"}
{"level":"warn","message":"Utilisateur trouvé avec l'email : test@gmail.com","timestamp":"2024-12-20T14:36:48.119Z"}
{"level":"info","message":"Connexion réussie pour l'utilisateur : test@gmail.com","timestamp":"2024-12-20T14:36:48.225Z"}
{"body":"","level":"info","message":"Requête reçue :","method":"POST","timestamp":"2024-12-20T14:37:38.144Z"}
{"level":"info","message":"Supprimer la session","timestamp":"2024-12-20T14:37:38.153Z"}
{"level":"info","message":"Supprimer le cookie côté client","timestamp":"2024-12-20T14:37:38.154Z"}
{"body":{"birthDate":"2024-12-01","confirmPassword":"Khouloud96!","email":"khouloudbensalem7@gmail.com","firstName":"Khouloud","gender":"Mme","lastName":"Ben Salem","password":"Khouloud96!","phone":"+33758495122"},"level":"info","message":"Requête reçue :","method":"POST","timestamp":"2024-12-20T14:38:13.256Z"}
{"level":"info","message":"Vérification de l'utilisateur existant dans la base de données pour l'email :","timestamp":"2024-12-20T14:38:13.260Z"}
{"birthDate":"2024-12-01","email":"khouloudbensalem7@gmail.com","firstName":"Khouloud","gender":"Mme","lastName":"Ben Salem","level":"info","message":"Insertion de l'utilisateur dans la base de données avec les données :","phone":"+33758495122","timestamp":"2024-12-20T14:38:13.349Z"}
{"level":"info","message":"Utilisateur inséré avec succès, création de la session pour l'utilisateur :","timestamp":"2024-12-20T14:38:13.356Z"}
{"expiresAt":1734791893357,"level":"info","message":"Données envoyées au client : User registered successfully","timestamp":"2024-12-20T14:38:13.362Z"}
{"body":"","level":"info","message":"Requête reçue :","method":"POST","timestamp":"2024-12-20T14:51:46.524Z"}
{"level":"info","message":"Supprimer la session","timestamp":"2024-12-20T14:51:46.535Z"}
{"level":"info","message":"Supprimer le cookie côté client","timestamp":"2024-12-20T14:51:46.535Z"}
{"body":{"email":"khouloudbensalem789@gmail.com","password":"Khouloud96!"},"level":"info","message":"Requête reçue :","method":"POST","timestamp":"2024-12-20T14:52:33.186Z"}
{"level":"warn","message":"Utilisateur trouvé avec l'email : khouloudbensalem789@gmail.com","timestamp":"2024-12-20T14:52:33.190Z"}
{"level":"info","message":"Connexion réussie pour l'utilisateur : khouloudbensalem789@gmail.com","timestamp":"2024-12-20T14:52:33.290Z"}
{"body":"","level":"info","message":"Requête reçue :","method":"POST","timestamp":"2024-12-20T14:56:49.519Z"}
{"level":"info","message":"Supprimer la session","timestamp":"2024-12-20T14:56:49.529Z"}
{"level":"info","message":"Supprimer le cookie côté client","timestamp":"2024-12-20T14:56:49.529Z"}
{"body":"","level":"info","message":"Requête reçue :","method":"POST","timestamp":"2024-12-20T14:58:52.378Z"}
{"level":"info","message":"No session ID found in cookies","timestamp":"2024-12-20T14:58:52.381Z"}
{"body":{"email":"khouloudbensalem789@gmail.com","password":"Khouloud96!"},"level":"info","message":"Requête reçue :","method":"POST","timestamp":"2024-12-23T08:56:42.799Z"}
{"level":"warn","message":"Utilisateur trouvé avec l'email : khouloudbensalem789@gmail.com","timestamp":"2024-12-23T08:56:42.807Z"}
{"level":"info","message":"Connexion réussie pour l'utilisateur : khouloudbensalem789@gmail.com","timestamp":"2024-12-23T08:56:42.914Z"}
{"body":{"email":"khouloudbensalem789@gmail.com","password":"Khouloud96!"},"level":"info","message":"Requête reçue :","method":"POST","timestamp":"2024-12-23T08:56:42.915Z"}
{"level":"warn","message":"Utilisateur trouvé avec l'email : khouloudbensalem789@gmail.com","timestamp":"2024-12-23T08:56:42.916Z"}
{"level":"info","message":"Connexion réussie pour l'utilisateur : khouloudbensalem789@gmail.com","timestamp":"2024-12-23T08:56:43.030Z"}
{"body":"","level":"info","message":"Requête reçue :","method":"POST","timestamp":"2024-12-23T08:57:06.947Z"}
{"level":"info","message":"Supprimer la session","timestamp":"2024-12-23T08:57:06.956Z"}
{"level":"info","message":"Supprimer le cookie côté client","timestamp":"2024-12-23T08:57:06.957Z"}
{"body":{"email":"khouloudbensalem789@gmail.com","password":"Khouloud96!"},"level":"info","message":"Requête reçue :","method":"POST","timestamp":"2024-12-23T09:19:18.137Z"}
{"level":"warn","message":"Utilisateur trouvé avec l'email : khouloudbensalem789@gmail.com","timestamp":"2024-12-23T09:19:18.143Z"}
{"level":"info","message":"Connexion réussie pour l'utilisateur : khouloudbensalem789@gmail.com","timestamp":"2024-12-23T09:19:18.289Z"}
{"body":"","level":"info","message":"Requête reçue :","method":"POST","timestamp":"2024-12-23T09:19:48.389Z"}
{"level":"info","message":"Supprimer la session","timestamp":"2024-12-23T09:19:48.412Z"}
{"level":"info","message":"Supprimer le cookie côté client","timestamp":"2024-12-23T09:19:48.412Z"}
{"body":{"email":"khouloudbensalem789@gmail.com","password":"Khouloud96!"},"level":"info","message":"Requête reçue :","method":"POST","timestamp":"2024-12-23T09:43:08.943Z"}
{"level":"warn","message":"Utilisateur trouvé avec l'email : khouloudbensalem789@gmail.com","timestamp":"2024-12-23T09:43:08.950Z"}
{"level":"info","message":"Connexion réussie pour l'utilisateur : khouloudbensalem789@gmail.com","timestamp":"2024-12-23T09:43:09.076Z"}
{"body":"","level":"info","message":"Requête reçue :","method":"POST","timestamp":"2024-12-23T09:44:20.256Z"}
{"level":"info","message":"Supprimer la session","timestamp":"2024-12-23T09:44:20.278Z"}
{"level":"info","message":"Supprimer le cookie côté client","timestamp":"2024-12-23T09:44:20.279Z"}
{"body":{"email":"khouloudbensalem789@gmail.com","password":"Khouloud96!"},"level":"info","message":"Requête reçue :","method":"POST","timestamp":"2024-12-23T09:48:04.891Z"}
{"level":"warn","message":"Utilisateur trouvé avec l'email : khouloudbensalem789@gmail.com","timestamp":"2024-12-23T09:48:04.909Z"}
{"level":"info","message":"Connexion réussie pour l'utilisateur : khouloudbensalem789@gmail.com","timestamp":"2024-12-23T09:48:05.116Z"}
{"body":{"birthDate":"2024-12-01","confirmPassword":"Khouloud96!","email":"kh@gmail.com","firstName":"Khouloud","gender":"Mme","lastName":"Ben Salem","password":"Khouloud96!","phone":"+33758495122"},"level":"info","message":"Requête reçue :","method":"POST","timestamp":"2024-12-23T09:52:36.541Z"}
{"level":"info","message":"Vérification de l'utilisateur existant dans la base de données pour l'email :","timestamp":"2024-12-23T09:52:36.545Z"}
{"birthDate":"2024-12-01","email":"kh@gmail.com","firstName":"Khouloud","gender":"Mme","lastName":"Ben Salem","level":"info","message":"Insertion de l'utilisateur dans la base de données avec les données :","phone":"+33758495122","timestamp":"2024-12-23T09:52:36.653Z"}
{"level":"info","message":"Utilisateur inséré avec succès, création de la session pour l'utilisateur :","timestamp":"2024-12-23T09:52:36.676Z"}
{"expiresAt":1735033956677,"level":"info","message":"Données envoyées au client : User registered successfully","timestamp":"2024-12-23T09:52:36.697Z"}
{"body":{"email":"Kh@gmail.com","password":"KHouloud96!"},"level":"info","message":"Requête reçue :","method":"POST","timestamp":"2024-12-23T09:53:26.117Z"}
{"level":"warn","message":"Utilisateur non trouvé avec l'email : Kh@gmail.com","timestamp":"2024-12-23T09:53:26.119Z"}
{"body":{"email":"Kh@gmail.com","password":"Khouloud96!"},"level":"info","message":"Requête reçue :","method":"POST","timestamp":"2024-12-23T09:53:34.744Z"}
{"level":"warn","message":"Utilisateur non trouvé avec l'email : Kh@gmail.com","timestamp":"2024-12-23T09:53:34.746Z"}
{"body":{"email":"kh@gmail.com","password":"Khouloud96!"},"level":"info","message":"Requête reçue :","method":"POST","timestamp":"2024-12-23T09:54:02.939Z"}
{"level":"warn","message":"Utilisateur trouvé avec l'email : kh@gmail.com","timestamp":"2024-12-23T09:54:02.940Z"}
{"level":"info","message":"Connexion réussie pour l'utilisateur : kh@gmail.com","timestamp":"2024-12-23T09:54:03.090Z"}
{"body":{"email":"kh@gmail.com","password":"Khouloud96!"},"level":"info","message":"Requête reçue :","method":"POST","timestamp":"2024-12-23T09:57:45.557Z"}
{"level":"warn","message":"Utilisateur trouvé avec l'email : kh@gmail.com","timestamp":"2024-12-23T09:57:45.557Z"}
{"level":"info","message":"Connexion réussie pour l'utilisateur : kh@gmail.com","timestamp":"2024-12-23T09:57:45.667Z"}
{"body":"","level":"info","message":"Requête reçue :","method":"POST","timestamp":"2024-12-23T09:58:46.654Z"}
{"level":"info","message":"Supprimer la session","timestamp":"2024-12-23T09:58:46.680Z"}
{"level":"info","message":"Supprimer le cookie côté client","timestamp":"2024-12-23T09:58:46.681Z"}
{"body":{"email":"kh@gmail.com","password":"Khouloud96!"},"level":"info","message":"Requête reçue :","method":"POST","timestamp":"2024-12-23T09:58:59.840Z"}
{"level":"warn","message":"Utilisateur trouvé avec l'email : kh@gmail.com","timestamp":"2024-12-23T09:58:59.842Z"}
{"level":"info","message":"Connexion réussie pour l'utilisateur : kh@gmail.com","timestamp":"2024-12-23T09:58:59.978Z"}
{"body":"","level":"info","message":"Requête reçue :","method":"POST","timestamp":"2024-12-23T10:21:54.793Z"}
{"level":"info","message":"Supprimer la session","timestamp":"2024-12-23T10:21:54.813Z"}
{"level":"info","message":"Supprimer le cookie côté client","timestamp":"2024-12-23T10:21:54.814Z"}
{"body":{"email":"test@gmail.com","password":"Khouloud96!"},"level":"info","message":"Requête reçue :","method":"POST","timestamp":"2024-12-23T10:22:08.228Z"}
{"level":"warn","message":"Utilisateur trouvé avec l'email : test@gmail.com","timestamp":"2024-12-23T10:22:08.228Z"}
{"level":"info","message":"Connexion réussie pour l'utilisateur : test@gmail.com","timestamp":"2024-12-23T10:22:08.337Z"}
{"body":"","level":"info","message":"Requête reçue :","method":"POST","timestamp":"2024-12-23T10:28:37.730Z"}
{"level":"info","message":"Supprimer la session","timestamp":"2024-12-23T10:28:37.749Z"}
{"level":"info","message":"Supprimer le cookie côté client","timestamp":"2024-12-23T10:28:37.749Z"}
{"body":{"email":"test@gmail.com","password":"Khouloud96!"},"level":"info","message":"Requête reçue :","method":"POST","timestamp":"2024-12-23T10:28:48.982Z"}
{"level":"warn","message":"Utilisateur trouvé avec l'email : test@gmail.com","timestamp":"2024-12-23T10:28:48.982Z"}
{"level":"info","message":"Connexion réussie pour l'utilisateur : test@gmail.com","timestamp":"2024-12-23T10:28:49.087Z"}
{"body":{"email":"test@gmail.com","password":"Khouloud96!"},"level":"info","message":"Requête reçue :","method":"POST","timestamp":"2024-12-23T10:30:07.656Z"}
{"level":"warn","message":"Utilisateur trouvé avec l'email : test@gmail.com","timestamp":"2024-12-23T10:30:07.657Z"}
{"level":"info","message":"Connexion réussie pour l'utilisateur : test@gmail.com","timestamp":"2024-12-23T10:30:07.753Z"}
{"body":"","level":"info","message":"Requête reçue :","method":"POST","timestamp":"2024-12-23T10:30:39.665Z"}
{"level":"info","message":"Supprimer la session","timestamp":"2024-12-23T10:30:39.681Z"}
{"level":"info","message":"Supprimer le cookie côté client","timestamp":"2024-12-23T10:30:39.681Z"}
{"body":{"email":"test@gmail.com","password":"Khouloud96!"},"level":"info","message":"Requête reçue :","method":"POST","timestamp":"2024-12-23T10:30:53.116Z"}
{"level":"warn","message":"Utilisateur trouvé avec l'email : test@gmail.com","timestamp":"2024-12-23T10:30:53.117Z"}
{"level":"info","message":"Connexion réussie pour l'utilisateur : test@gmail.com","timestamp":"2024-12-23T10:30:53.219Z"}
{"body":{"email":"test@gmail.com","password":"Khouloud96!"},"level":"info","message":"Requête reçue :","method":"POST","timestamp":"2024-12-23T13:25:25.524Z"}
{"level":"warn","message":"Utilisateur trouvé avec l'email : test@gmail.com","timestamp":"2024-12-23T13:25:25.527Z"}
{"level":"info","message":"Connexion réussie pour l'utilisateur : test@gmail.com","timestamp":"2024-12-23T13:25:25.640Z"}
{"body":"","level":"info","message":"Requête reçue :","method":"POST","timestamp":"2024-12-23T13:25:45.853Z"}
{"level":"info","message":"Supprimer la session","timestamp":"2024-12-23T13:25:45.877Z"}
{"level":"info","message":"Supprimer le cookie côté client","timestamp":"2024-12-23T13:25:45.878Z"}
{"body":{"email":"test@gmail.com","password":"Khouloud96!"},"level":"info","message":"Requête reçue :","method":"POST","timestamp":"2024-12-23T13:25:56.884Z"}
{"level":"warn","message":"Utilisateur trouvé avec l'email : test@gmail.com","timestamp":"2024-12-23T13:25:56.884Z"}
{"level":"info","message":"Connexion réussie pour l'utilisateur : test@gmail.com","timestamp":"2024-12-23T13:25:56.981Z"}
{"body":"","level":"info","message":"Requête reçue :","method":"POST","timestamp":"2024-12-23T13:36:02.112Z"}
{"level":"info","message":"Supprimer la session","timestamp":"2024-12-23T13:36:02.120Z"}
{"level":"info","message":"Supprimer le cookie côté client","timestamp":"2024-12-23T13:36:02.120Z"}
{"body":{"email":"kh@gmail.com","password":"Khouloud96!"},"level":"info","message":"Requête reçue :","method":"POST","timestamp":"2024-12-23T13:36:13.995Z"}
{"level":"warn","message":"Utilisateur trouvé avec l'email : kh@gmail.com","timestamp":"2024-12-23T13:36:13.996Z"}
{"level":"info","message":"Connexion réussie pour l'utilisateur : kh@gmail.com","timestamp":"2024-12-23T13:36:14.078Z"}
{"body":"","level":"info","message":"Requête reçue :","method":"POST","timestamp":"2024-12-23T13:57:52.982Z"}
{"level":"info","message":"Supprimer la session","timestamp":"2024-12-23T13:57:52.991Z"}
{"level":"info","message":"Supprimer le cookie côté client","timestamp":"2024-12-23T13:57:52.992Z"}
{"body":{"email":"test@gmail.com","password":"Khouloud96!"},"level":"info","message":"Requête reçue :","method":"POST","timestamp":"2024-12-23T14:00:21.925Z"}
{"level":"warn","message":"Utilisateur trouvé avec l'email : test@gmail.com","timestamp":"2024-12-23T14:00:21.927Z"}
{"level":"info","message":"Connexion réussie pour l'utilisateur : test@gmail.com","timestamp":"2024-12-23T14:00:22.020Z"}
{"body":"","level":"info","message":"Requête reçue :","method":"POST","timestamp":"2024-12-23T15:19:42.375Z"}
{"level":"info","message":"Supprimer la session","timestamp":"2024-12-23T15:19:42.400Z"}
{"level":"info","message":"Supprimer le cookie côté client","timestamp":"2024-12-23T15:19:42.400Z"}
{"body":{"email":"test@gmail.com","password":"Khouloud96!"},"level":"info","message":"Requête reçue :","method":"POST","timestamp":"2024-12-23T15:19:50.824Z"}
{"level":"warn","message":"Utilisateur trouvé avec l'email : test@gmail.com","timestamp":"2024-12-23T15:19:50.825Z"}
{"level":"info","message":"Connexion réussie pour l'utilisateur : test@gmail.com","timestamp":"2024-12-23T15:19:50.922Z"}
{"body":"","level":"info","message":"Requête reçue :","method":"POST","timestamp":"2024-12-23T15:19:59.708Z"}
{"level":"info","message":"Supprimer la session","timestamp":"2024-12-23T15:19:59.727Z"}
{"level":"info","message":"Supprimer le cookie côté client","timestamp":"2024-12-23T15:19:59.727Z"}
{"body":{"email":"test@gmail.com","password":"Khouloud96!"},"level":"info","message":"Requête reçue :","method":"POST","timestamp":"2024-12-24T08:44:52.431Z"}
{"level":"warn","message":"Utilisateur trouvé avec l'email : test@gmail.com","timestamp":"2024-12-24T08:44:52.437Z"}
{"level":"info","message":"Connexion réussie pour l'utilisateur : test@gmail.com","timestamp":"2024-12-24T08:44:52.549Z"}
{"body":"","level":"info","message":"Requête reçue :","method":"POST","timestamp":"2024-12-24T08:45:18.228Z"}
{"level":"info","message":"Supprimer la session","timestamp":"2024-12-24T08:45:18.245Z"}
{"level":"info","message":"Supprimer le cookie côté client","timestamp":"2024-12-24T08:45:18.246Z"}
{"body":"","level":"info","message":"Requête reçue :","method":"POST","timestamp":"2024-12-24T09:09:32.246Z"}
{"level":"info","message":"No session ID found in cookies","timestamp":"2024-12-24T09:09:32.265Z"}
{"body":"","level":"info","message":"Requête reçue :","method":"POST","timestamp":"2024-12-24T09:09:39.964Z"}
{"level":"info","message":"No session ID found in cookies","timestamp":"2024-12-24T09:09:39.964Z"}
{"body":{"email":"test@gmail.com","password":"Khouloud96!"},"level":"info","message":"Requête reçue :","method":"POST","timestamp":"2024-12-24T09:10:08.872Z"}
{"level":"warn","message":"Utilisateur trouvé avec l'email : test@gmail.com","timestamp":"2024-12-24T09:10:08.879Z"}
{"level":"info","message":"Connexion réussie pour l'utilisateur : test@gmail.com","timestamp":"2024-12-24T09:10:08.996Z"}
{"body":"","level":"info","message":"Requête reçue :","method":"POST","timestamp":"2024-12-24T09:10:28.726Z"}
{"level":"info","message":"Supprimer la session","timestamp":"2024-12-24T09:10:28.744Z"}
{"level":"info","message":"Supprimer le cookie côté client","timestamp":"2024-12-24T09:10:28.745Z"}
{"body":{"email":"test@gmail.com","password":"Khouloud96!"},"level":"info","message":"Requête reçue :","method":"POST","timestamp":"2024-12-24T09:33:42.300Z"}
{"level":"warn","message":"Utilisateur trouvé avec l'email : test@gmail.com","timestamp":"2024-12-24T09:33:42.306Z"}
{"level":"info","message":"Connexion réussie pour l'utilisateur : test@gmail.com","timestamp":"2024-12-24T09:33:42.425Z"}
{"body":"","level":"info","message":"Requête reçue :","method":"POST","timestamp":"2024-12-24T10:13:58.512Z"}
{"level":"info","message":"Supprimer la session","timestamp":"2024-12-24T10:13:58.535Z"}
{"level":"info","message":"Supprimer le cookie côté client","timestamp":"2024-12-24T10:13:58.536Z"}
{"body":{"email":"khouloudbensalem789@gmail.com","password":"Khouloud96!"},"level":"info","message":"Requête reçue :","method":"POST","timestamp":"2024-12-24T10:14:27.960Z"}
{"level":"warn","message":"Utilisateur trouvé avec l'email : khouloudbensalem789@gmail.com","timestamp":"2024-12-24T10:14:27.964Z"}
{"level":"info","message":"Connexion réussie pour l'utilisateur : khouloudbensalem789@gmail.com","timestamp":"2024-12-24T10:14:28.066Z"}
{"body":"","level":"info","message":"Requête reçue :","method":"POST","timestamp":"2024-12-24T10:14:52.484Z"}
{"level":"info","message":"Supprimer la session","timestamp":"2024-12-24T10:14:52.495Z"}
{"level":"info","message":"Supprimer le cookie côté client","timestamp":"2024-12-24T10:14:52.495Z"}
{"body":{"email":"test@gmail.com","password":"Khouloud96!"},"level":"info","message":"Requête reçue :","method":"POST","timestamp":"2025-01-06T14:21:42.995Z"}
{"level":"warn","message":"Utilisateur trouvé avec l'email : test@gmail.com","timestamp":"2025-01-06T14:21:43.005Z"}
{"level":"info","message":"Connexion réussie pour l'utilisateur : test@gmail.com","timestamp":"2025-01-06T14:21:43.126Z"}
{"body":"","level":"info","message":"Requête reçue :","method":"POST","timestamp":"2025-01-06T14:25:35.640Z"}
{"level":"info","message":"Supprimer la session","timestamp":"2025-01-06T14:25:35.661Z"}
{"level":"info","message":"Supprimer le cookie côté client","timestamp":"2025-01-06T14:25:35.661Z"}
{"body":{"email":"khouloudbensalem789@gmail.com","password":"Khouloud96!"},"level":"info","message":"Requête reçue :","method":"POST","timestamp":"2025-01-06T14:28:02.789Z"}
{"level":"warn","message":"Utilisateur trouvé avec l'email : khouloudbensalem789@gmail.com","timestamp":"2025-01-06T14:28:02.794Z"}
{"level":"info","message":"Connexion réussie pour l'utilisateur : khouloudbensalem789@gmail.com","timestamp":"2025-01-06T14:28:02.886Z"}
{"body":"","level":"info","message":"Requête reçue :","method":"POST","timestamp":"2025-01-06T14:29:59.592Z"}
{"level":"info","message":"Supprimer la session","timestamp":"2025-01-06T14:29:59.603Z"}
{"level":"info","message":"Supprimer le cookie côté client","timestamp":"2025-01-06T14:29:59.604Z"}
{"body":{"email":"khouloudbensalem789@gmail.com","password":"Khouloud96!"},"level":"info","message":"Requête reçue :","method":"POST","timestamp":"2025-01-07T08:32:56.723Z"}
{"level":"warn","message":"Utilisateur trouvé avec l'email : khouloudbensalem789@gmail.com","timestamp":"2025-01-07T08:32:56.735Z"}
{"level":"info","message":"Connexion réussie pour l'utilisateur : khouloudbensalem789@gmail.com","timestamp":"2025-01-07T08:32:56.828Z"}
{"body":"","level":"info","message":"Requête reçue :","method":"POST","timestamp":"2025-01-07T09:15:25.184Z"}
{"level":"info","message":"Supprimer la session","timestamp":"2025-01-07T09:15:25.208Z"}
{"level":"info","message":"Supprimer le cookie côté client","timestamp":"2025-01-07T09:15:25.208Z"}
{"body":{"email":"khouloudbensalem789@gmail.com","password":"Khouloud96!"},"level":"info","message":"Requête reçue :","method":"POST","timestamp":"2025-01-07T09:15:36.650Z"}
{"level":"warn","message":"Utilisateur trouvé avec l'email : khouloudbensalem789@gmail.com","timestamp":"2025-01-07T09:15:36.656Z"}
{"level":"info","message":"Connexion réussie pour l'utilisateur : khouloudbensalem789@gmail.com","timestamp":"2025-01-07T09:15:36.758Z"}
{"body":"","level":"info","message":"Requête reçue :","method":"POST","timestamp":"2025-01-07T09:23:37.969Z"}
{"level":"info","message":"Supprimer la session","timestamp":"2025-01-07T09:23:37.990Z"}
{"level":"info","message":"Supprimer le cookie côté client","timestamp":"2025-01-07T09:23:37.990Z"}
{"body":{"email":"khouloudbensalem789@gmail.com","password":"Khouloud96!"},"level":"info","message":"Requête reçue :","method":"POST","timestamp":"2025-01-07T09:23:47.579Z"}
{"level":"warn","message":"Utilisateur trouvé avec l'email : khouloudbensalem789@gmail.com","timestamp":"2025-01-07T09:23:47.580Z"}
{"level":"info","message":"Connexion réussie pour l'utilisateur : khouloudbensalem789@gmail.com","timestamp":"2025-01-07T09:23:47.678Z"}
{"body":"","level":"info","message":"Requête reçue :","method":"POST","timestamp":"2025-01-07T09:27:46.751Z"}
{"level":"info","message":"Supprimer la session","timestamp":"2025-01-07T09:27:46.764Z"}
{"level":"info","message":"Supprimer le cookie côté client","timestamp":"2025-01-07T09:27:46.765Z"}
{"body":{"email":"khouloudbensalem789@gmail.com","password":"Khouloud96!"},"level":"info","message":"Requête reçue :","method":"POST","timestamp":"2025-01-07T09:27:56.048Z"}
{"level":"warn","message":"Utilisateur trouvé avec l'email : khouloudbensalem789@gmail.com","timestamp":"2025-01-07T09:27:56.049Z"}
{"level":"info","message":"Connexion réussie pour l'utilisateur : khouloudbensalem789@gmail.com","timestamp":"2025-01-07T09:27:56.171Z"}
{"body":"","level":"info","message":"Requête reçue :","method":"POST","timestamp":"2025-01-07T10:39:39.772Z"}
{"level":"info","message":"Supprimer la session","timestamp":"2025-01-07T10:39:39.793Z"}
{"level":"info","message":"Supprimer le cookie côté client","timestamp":"2025-01-07T10:39:39.793Z"}
{"body":{"email":"khouloudbensalem789@gmail.com","password":"Khouloud96!"},"level":"info","message":"Requête reçue :","method":"POST","timestamp":"2025-01-07T10:39:50.141Z"}
{"level":"warn","message":"Utilisateur trouvé avec l'email : khouloudbensalem789@gmail.com","timestamp":"2025-01-07T10:39:50.146Z"}
{"level":"info","message":"Connexion réussie pour l'utilisateur : khouloudbensalem789@gmail.com","timestamp":"2025-01-07T10:39:50.269Z"}
{"body":{"email":"khouloudbensalem789@gmail.com","password":"Khouloud96!"},"level":"info","message":"Requête reçue :","method":"POST","timestamp":"2025-01-07T13:04:49.404Z"}
{"level":"warn","message":"Utilisateur trouvé avec l'email : khouloudbensalem789@gmail.com","timestamp":"2025-01-07T13:04:49.408Z"}
{"level":"info","message":"Connexion réussie pour l'utilisateur : khouloudbensalem789@gmail.com","timestamp":"2025-01-07T13:04:49.520Z"}
{"body":{"email":"khouloudbensalem789@gmail.com","password":"Khouloud96!"},"level":"info","message":"Requête reçue :","method":"POST","timestamp":"2025-01-07T15:12:11.735Z"}
{"level":"warn","message":"Utilisateur trouvé avec l'email : khouloudbensalem789@gmail.com","timestamp":"2025-01-07T15:12:11.740Z"}
{"level":"info","message":"Connexion réussie pour l'utilisateur : khouloudbensalem789@gmail.com","timestamp":"2025-01-07T15:12:11.850Z"}
{"body":"","level":"info","message":"Requête reçue :","method":"POST","timestamp":"2025-01-07T15:19:41.536Z"}
{"level":"info","message":"Supprimer la session","timestamp":"2025-01-07T15:19:41.557Z"}
{"level":"info","message":"Supprimer le cookie côté client","timestamp":"2025-01-07T15:19:41.558Z"}
{"body":{"email":"khouloudbensalem789@gmail.com","password":"Khouloud96!"},"level":"info","message":"Requête reçue :","method":"POST","timestamp":"2025-01-07T15:19:51.894Z"}
{"level":"warn","message":"Utilisateur trouvé avec l'email : khouloudbensalem789@gmail.com","timestamp":"2025-01-07T15:19:51.895Z"}
{"level":"info","message":"Connexion réussie pour l'utilisateur : khouloudbensalem789@gmail.com","timestamp":"2025-01-07T15:19:52.003Z"}
{"body":"","level":"info","message":"Requête reçue :","method":"POST","timestamp":"2025-01-07T15:55:31.486Z"}
{"level":"info","message":"Supprimer la session","timestamp":"2025-01-07T15:55:31.513Z"}
{"level":"info","message":"Supprimer le cookie côté client","timestamp":"2025-01-07T15:55:31.514Z"}
{"body":{"email":"khouloudbensalem789@gmail.com","password":"KHouloud96!"},"level":"info","message":"Requête reçue :","method":"POST","timestamp":"2025-01-07T15:55:48.411Z"}
{"level":"warn","message":"Utilisateur trouvé avec l'email : khouloudbensalem789@gmail.com","timestamp":"2025-01-07T15:55:48.416Z"}
{"level":"warn","message":"Mot de passe incorrect pour l'email : khouloudbensalem789@gmail.com","timestamp":"2025-01-07T15:55:48.511Z"}
{"body":{"email":"khouloudbensalem789@gmail.com","password":"Khouloud96!"},"level":"info","message":"Requête reçue :","method":"POST","timestamp":"2025-01-07T15:55:57.190Z"}
{"level":"warn","message":"Utilisateur trouvé avec l'email : khouloudbensalem789@gmail.com","timestamp":"2025-01-07T15:55:57.190Z"}
{"level":"info","message":"Connexion réussie pour l'utilisateur : khouloudbensalem789@gmail.com","timestamp":"2025-01-07T15:55:57.281Z"}
{"body":{"email":"khouloudbensalem789@gmail.com","password":"Khouloud96!"},"level":"info","message":"Requête reçue :","method":"POST","timestamp":"2025-01-08T09:27:27.447Z"}
{"level":"warn","message":"Utilisateur trouvé avec l'email : khouloudbensalem789@gmail.com","timestamp":"2025-01-08T09:27:27.453Z"}
{"level":"info","message":"Connexion réussie pour l'utilisateur : khouloudbensalem789@gmail.com","timestamp":"2025-01-08T09:27:27.564Z"}
{"body":"","level":"info","message":"Requête reçue :","method":"POST","timestamp":"2025-01-08T09:28:34.772Z"}
{"level":"info","message":"Session 4728ece2-7385-446d-ab5c-682d452d2bfd supprimée avec succès","timestamp":"2025-01-08T09:28:34.800Z"}
{"level":"info","message":"Supprimer les cookies côté client","timestamp":"2025-01-08T09:28:34.800Z"}
{"body":{"email":"khouloudbensalem789@gmail.com","password":"Khouloud96!"},"level":"info","message":"Requête reçue :","method":"POST","timestamp":"2025-01-08T09:29:07.053Z"}
{"level":"warn","message":"Utilisateur trouvé avec l'email : khouloudbensalem789@gmail.com","timestamp":"2025-01-08T09:29:07.054Z"}
{"level":"info","message":"Connexion réussie pour l'utilisateur : khouloudbensalem789@gmail.com","timestamp":"2025-01-08T09:29:07.157Z"}
{"body":{"email":"khouloudbensalem789@gmail.com","password":"Khouloud96!"},"level":"info","message":"Requête reçue :","method":"POST","timestamp":"2025-01-08T09:33:41.953Z"}
{"level":"warn","message":"Utilisateur trouvé avec l'email : khouloudbensalem789@gmail.com","timestamp":"2025-01-08T09:33:41.960Z"}
{"level":"info","message":"Connexion réussie pour l'utilisateur : khouloudbensalem789@gmail.com","timestamp":"2025-01-08T09:33:42.047Z"}
{"body":"","level":"info","message":"Requête reçue :","method":"POST","timestamp":"2025-01-08T09:34:41.343Z"}
{"level":"info","message":"Session faca3ec5-8bda-4e86-a21e-448021f4d553 supprimée avec succès","timestamp":"2025-01-08T09:34:41.352Z"}
{"level":"info","message":"Supprimer les cookies côté client","timestamp":"2025-01-08T09:34:41.352Z"}
{"body":{"email":"khouloudbensalem789@gmail.com","password":"Khouloud96!"},"level":"info","message":"Requête reçue :","method":"POST","timestamp":"2025-01-08T09:35:32.160Z"}
{"level":"warn","message":"Utilisateur trouvé avec l'email : khouloudbensalem789@gmail.com","timestamp":"2025-01-08T09:35:32.163Z"}
{"level":"info","message":"Connexion réussie pour l'utilisateur : khouloudbensalem789@gmail.com","timestamp":"2025-01-08T09:35:32.253Z"}
